<?xml version="1.0" encoding="utf-8" standalone="no"?>
<!--This file represents the results of running a test suite-->
<test-results name="D:\Demo_Unit\ProjectPhanSo.Test\bin\Debug\DemoUnit.nunit" total="8" errors="0" failures="0" not-run="0" inconclusive="0" ignored="0" skipped="0" invalid="0" date="2019-10-17" time="16:21:47">
  <environment nunit-version="2.7.1.0" clr-version="2.0.50727.9043" os-version="Microsoft Windows NT 6.2.9200.0" platform="Win32NT" cwd="D:\Software Testing\App\bin" machine-name="LAPTOP-6LELKLUK" user="HP" user-domain="LAPTOP-6LELKLUK" />
  <culture-info current-culture="en-US" current-uiculture="en-US" />
  <test-suite type="Project" name="D:\Demo_Unit\ProjectPhanSo.Test\bin\Debug\DemoUnit.nunit" executed="True" result="Success" success="True" time="0.100" asserts="0">
    <results>
      <test-suite type="Assembly" name="D:\Demo_Unit\ProjectPhanSo.Test\bin\Debug\ProjectPhanSo.Test.dll" executed="True" result="Success" success="True" time="0.093" asserts="0">
        <results>
          <test-suite type="Namespace" name="ProjectPhanSo" executed="True" result="Success" success="True" time="0.093" asserts="0">
            <results>
              <test-suite type="Namespace" name="Test" executed="True" result="Success" success="True" time="0.093" asserts="0">
                <results>
                  <test-suite type="TestFixture" name="PhanSoTest" executed="True" result="Success" success="True" time="0.092" asserts="0">
                    <results>
                      <test-case name="ProjectPhanSo.Test.PhanSoTest.TestChia" executed="True" result="Success" success="True" time="0.035" asserts="2" />
                      <test-case name="ProjectPhanSo.Test.PhanSoTest.TestChia0" executed="True" result="Success" success="True" time="0.004" asserts="0" />
                      <test-case name="ProjectPhanSo.Test.PhanSoTest.TestCong_PhanSoAm" executed="True" result="Success" success="True" time="0.001" asserts="2" />
                      <test-case name="ProjectPhanSo.Test.PhanSoTest.TestCong_PhanSoDuong" executed="True" result="Success" success="True" time="0.000" asserts="2" />
                      <test-case name="ProjectPhanSo.Test.PhanSoTest.TestHamDung2ThamSo" executed="True" result="Success" success="True" time="0.000" asserts="2" />
                      <test-case name="ProjectPhanSo.Test.PhanSoTest.TestHamDungMacDinh" executed="True" result="Success" success="True" time="0.000" asserts="2" />
                      <test-case name="ProjectPhanSo.Test.PhanSoTest.TestToString" executed="True" result="Success" success="True" time="0.001" asserts="1" />
                      <test-case name="ProjectPhanSo.Test.PhanSoTest.TestTru" executed="True" result="Success" success="True" time="0.001" asserts="2" />
                    </results>
                  </test-suite>
                </results>
              </test-suite>
            </results>
          </test-suite>
        </results>
      </test-suite>
    </results>
  </test-suite>
</test-results>